2023-10-07 17:44:13,424 - Level:INFO - Message:base_dir: ~/tasks - File:create_task.py - Line:18
2023-10-07 17:44:13,424 - Level:INFO - Message:os.listdir(base_dir): ['test1_1c43eed4'] - File:create_task.py - Line:25
2023-10-07 17:44:13,430 - Level:DEBUG - Message:Using selector: EpollSelector - File:selector_events.py - Line:59
2023-10-07 17:45:11,148 - Level:INFO - Message:base_dir: ~/tasks - File:create_task.py - Line:16
2023-10-07 17:45:11,148 - Level:INFO - Message:os.listdir(base_dir): ['test1_1c43eed4'] - File:create_task.py - Line:23
2023-10-07 17:46:53,910 - Level:INFO - Message:base_dir: ~/tasks - File:create_task.py - Line:16
2023-10-07 17:46:53,910 - Level:INFO - Message:os.listdir(base_dir): ['test1_1c43eed4'] - File:create_task.py - Line:23
2023-10-07 17:49:44,227 - Level:INFO - Message:base_dir: ~/tasks - File:create_task.py - Line:16
2023-10-07 17:49:44,227 - Level:INFO - Message:os.listdir(base_dir): ['test1_1c43eed4'] - File:create_task.py - Line:23
2023-10-07 17:55:40,519 - Level:INFO - Message:base_dir: ~/tasks - File:create_task.py - Line:13
2023-10-07 17:55:40,519 - Level:INFO - Message:os.listdir(base_dir): ['test1_1c43eed4'] - File:create_task.py - Line:23
2023-10-07 17:56:56,511 - Level:INFO - Message:base_dir: ~/tasks - File:create_task.py - Line:13
2023-10-07 17:56:56,511 - Level:INFO - Message:os.listdir(base_dir): ['test1_1c43eed4'] - File:create_task.py - Line:23
2023-10-07 18:01:08,988 - Level:INFO - Message:base_dir: ~/tasks - File:choose_project.py - Line:13
2023-10-07 18:01:08,988 - Level:INFO - Message:base_dir: ~/tasks - File:create_task.py - Line:13
2023-10-07 18:01:08,988 - Level:INFO - Message:os.listdir(base_dir): ['test1_1c43eed4'] - File:choose_project.py - Line:23
2023-10-07 18:02:36,954 - Level:INFO - Message:base_dir: ~/tasks - File:choose_project.py - Line:13
2023-10-07 18:02:36,954 - Level:INFO - Message:base_dir: ~/tasks - File:list_tasks.py - Line:13
2023-10-07 18:02:36,954 - Level:INFO - Message:os.listdir(base_dir): ['test1_1c43eed4'] - File:choose_project.py - Line:23
2023-10-07 18:03:28,701 - Level:INFO - Message:base_dir: ~/tasks - File:choose_project.py - Line:13
2023-10-07 18:03:28,701 - Level:INFO - Message:base_dir: ~/tasks - File:list_tasks.py - Line:13
2023-10-07 18:03:28,701 - Level:INFO - Message:os.listdir(base_dir): ['test1_1c43eed4'] - File:choose_project.py - Line:23
2023-10-07 19:26:59,153 - Level:INFO - Message:unique_id: b241d7b9 - File:init_project.py - Line:27
2023-10-07 19:27:20,822 - Level:INFO - Message:base_dir: ~/tik - File:choose_project.py - Line:13
2023-10-07 19:27:20,822 - Level:INFO - Message:base_dir: ~/tik - File:create_task.py - Line:13
2023-10-07 19:27:20,822 - Level:INFO - Message:os.listdir(base_dir): [] - File:choose_project.py - Line:23
2023-10-07 19:28:29,275 - Level:INFO - Message:base_dir: ~/tik - File:choose_project.py - Line:13
2023-10-07 19:28:29,275 - Level:INFO - Message:base_dir: /home/vhg/tik - File:create_task.py - Line:15
2023-10-07 19:28:29,275 - Level:INFO - Message:os.listdir(base_dir): [] - File:choose_project.py - Line:23
2023-10-07 19:30:00,503 - Level:INFO - Message:unique_id: e070ebec - File:init_project.py - Line:27
2023-10-07 19:30:00,503 - Level:INFO - Message:made dirs - File:init_project.py - Line:39
2023-10-07 19:55:25,826 - Level:INFO - Message:unique_id: fd995ff3 - File:init_project.py - Line:27
2023-10-07 19:55:25,826 - Level:INFO - Message:project_dir: /home/vhg/testproj_fd995ff3 - File:init_project.py - Line:36
2023-10-07 19:55:25,826 - Level:INFO - Message:made dirs - File:init_project.py - Line:40
2023-10-07 19:56:59,229 - Level:INFO - Message:unique_id: c61027ef - File:init_project.py - Line:27
2023-10-07 19:56:59,229 - Level:INFO - Message:project_dir: /home/vhg/tik/testproj_c61027ef - File:init_project.py - Line:35
2023-10-07 19:56:59,229 - Level:INFO - Message:made dirs - File:init_project.py - Line:39
2023-10-07 19:58:17,704 - Level:INFO - Message:unique_id: ca4b96f1 - File:init_project.py - Line:27
2023-10-07 19:58:17,704 - Level:INFO - Message:project_dir: /home/vhg/tik/testproj2_ca4b96f1 - File:init_project.py - Line:35
2023-10-07 19:58:17,704 - Level:INFO - Message:made dirs - File:init_project.py - Line:39
2023-10-07 19:58:30,312 - Level:INFO - Message:base_dir: ~/tik - File:choose_project.py - Line:13
2023-10-07 19:58:30,312 - Level:INFO - Message:base_dir: /home/vhg/tik - File:create_task.py - Line:15
2023-10-07 19:58:30,312 - Level:INFO - Message:os.listdir(base_dir): ['testproj2_ca4b96f1'] - File:choose_project.py - Line:23
2023-10-07 20:02:20,480 - Level:INFO - Message:base_dir: ~/tik - File:choose_project.py - Line:13
2023-10-07 20:02:20,480 - Level:INFO - Message:base_dir: /home/vhg/tik - File:create_task.py - Line:15
2023-10-07 20:02:20,480 - Level:INFO - Message:os.listdir(base_dir): ['testproj2_ca4b96f1'] - File:choose_project.py - Line:23
2023-10-07 20:04:13,643 - Level:INFO - Message:base_dir: ~/tik - File:choose_project.py - Line:13
2023-10-07 20:04:13,643 - Level:INFO - Message:base_dir: /home/vhg/tik - File:create_task.py - Line:15
2023-10-07 20:04:13,643 - Level:INFO - Message:os.listdir(base_dir): ['testproj2_ca4b96f1'] - File:choose_project.py - Line:23
2023-10-07 20:05:28,318 - Level:INFO - Message:base_dir: ~/tik - File:choose_project.py - Line:13
2023-10-07 20:05:28,318 - Level:INFO - Message:base_dir: /home/vhg/tik - File:create_task.py - Line:15
2023-10-07 20:05:28,318 - Level:INFO - Message:os.listdir(base_dir): ['testproj2_ca4b96f1'] - File:choose_project.py - Line:23
2023-10-07 20:08:47,677 - Level:INFO - Message:base_dir: ~/tik - File:choose_project.py - Line:13
2023-10-07 20:08:47,677 - Level:INFO - Message:base_dir: /home/vhg/tik - File:create_task.py - Line:15
2023-10-07 20:08:47,677 - Level:INFO - Message:os.listdir(base_dir): ['testproj2_ca4b96f1'] - File:choose_project.py - Line:23
2023-10-07 20:09:17,806 - Level:INFO - Message:base_dir: ~/tik - File:choose_project.py - Line:13
2023-10-07 20:09:17,806 - Level:INFO - Message:base_dir: /home/vhg/tik - File:create_task.py - Line:15
2023-10-07 20:09:17,806 - Level:INFO - Message:os.listdir(base_dir): ['testproj2_ca4b96f1'] - File:choose_project.py - Line:23
2023-10-07 20:09:46,577 - Level:INFO - Message:base_dir: ~/tik - File:choose_project.py - Line:13
2023-10-07 20:09:46,577 - Level:INFO - Message:base_dir: ~/tik - File:list_tasks.py - Line:13
2023-10-07 20:09:46,577 - Level:INFO - Message:os.listdir(base_dir): ['testproj2_ca4b96f1'] - File:choose_project.py - Line:23
2023-10-07 20:11:12,205 - Level:INFO - Message:base_dir: ~/tik - File:choose_project.py - Line:13
2023-10-07 20:11:12,205 - Level:INFO - Message:base_dir: ~/tik - File:list_tasks.py - Line:13
2023-10-07 20:11:12,205 - Level:INFO - Message:os.listdir(base_dir): ['testproj2_ca4b96f1'] - File:choose_project.py - Line:23
2023-10-08 13:31:05,860 - Level:INFO - Message:base_dir: ~/tik - File:choose_project.py - Line:13
2023-10-08 13:31:05,868 - Level:INFO - Message:base_dir: ~/tik - File:list_tasks.py - Line:13
2023-10-08 13:31:05,868 - Level:INFO - Message:os.listdir(base_dir): ['testproj2_ca4b96f1'] - File:choose_project.py - Line:23
